<?xml version="1.0" encoding="UTF-8"?>
<!-- Generated by org.testng.reporters.JUnitXMLReporter -->
<testsuite ignored="0" hostname="PJ" failures="0" tests="5" name="Accounts Page Test" time="113.211" errors="0" timestamp="2025-12-18T14:37:09 IST">
  <testcase classname="com.qa.opencart.tests.AccountsPageTest" name="accountHeaderCountTest" time="0.0">
    <skipped/>
  </testcase> <!-- accountHeaderCountTest -->
  <testcase classname="com.qa.opencart.tests.AccountsPageTest" name="accountHeaderValueTest" time="0.0">
    <skipped/>
  </testcase> <!-- accountHeaderValueTest -->
  <testcase classname="com.qa.opencart.tests.AccountsPageTest" name="accountsPageTitleTest" time="0.0">
    <skipped/>
  </testcase> <!-- accountsPageTitleTest -->
  <testcase classname="com.qa.opencart.tests.AccountsPageTest" name="accountsPageUrlTest" time="0.003">
    <skipped/>
  </testcase> <!-- accountsPageUrlTest -->
  <testcase classname="com.qa.opencart.tests.AccountsPageTest" name="isLogoutLinkExistTest" time="0.0">
    <skipped/>
  </testcase> <!-- isLogoutLinkExistTest -->
</testsuite> <!-- Accounts Page Test -->
