<?xml version="1.0" encoding="UTF-8"?>
<!-- Generated by org.testng.reporters.JUnitXMLReporter -->
<testsuite ignored="0" hostname="PJ" failures="0" tests="4" name="Login Page Test" time="14.856" errors="0" timestamp="2025-12-03T13:57:23 IST">
  <testcase classname="com.qa.opencart.tests.LoginPageTest" name="loginPageTitleTest" time="0.184"/>
  <testcase classname="com.qa.opencart.tests.LoginPageTest" name="loginPageUrlTest" time="0.051"/>
  <testcase classname="com.qa.opencart.tests.LoginPageTest" name="forgotpassLinkExistTest" time="1.39"/>
  <testcase classname="com.qa.opencart.tests.LoginPageTest" name="loginTest" time="3.774"/>
</testsuite> <!-- Login Page Test -->
