<?xml version="1.0" encoding="UTF-8"?>
<!-- Generated by org.testng.reporters.JUnitXMLReporter -->
<testsuite ignored="0" hostname="PJ" failures="0" tests="4" name="Login Page Test_chrome" time="14.21" errors="0" timestamp="2025-12-11T15:23:47 IST">
  <testcase classname="com.qa.opencart.tests.LoginPageTest" name="loginPageTitleTest" time="0.185"/>
  <testcase classname="com.qa.opencart.tests.LoginPageTest" name="loginPageUrlTest" time="0.033"/>
  <testcase classname="com.qa.opencart.tests.LoginPageTest" name="forgotpassLinkExistTest" time="1.054"/>
  <testcase classname="com.qa.opencart.tests.LoginPageTest" name="loginTest" time="3.655"/>
</testsuite> <!-- Login Page Test_chrome -->
