<?xml version="1.0" encoding="UTF-8"?>
<!-- Generated by org.testng.reporters.JUnitXMLReporter -->
<testsuite ignored="0" hostname="PJ" failures="0" tests="4" name="Login Page Test_chrome" time="24.092" errors="0" timestamp="2025-12-17T16:20:41 IST">
  <testcase classname="com.qa.opencart.tests.LoginPageTest" name="loginPageTitleTest" time="0.337"/>
  <testcase classname="com.qa.opencart.tests.LoginPageTest" name="loginPageUrlTest" time="0.044"/>
  <testcase classname="com.qa.opencart.tests.LoginPageTest" name="forgotpassLinkExistTest" time="1.203"/>
  <testcase classname="com.qa.opencart.tests.LoginPageTest" name="loginTest" time="3.812"/>
</testsuite> <!-- Login Page Test_chrome -->
