<?xml version="1.0" encoding="UTF-8"?>
<!-- Generated by org.testng.reporters.JUnitXMLReporter -->
<testsuite ignored="0" hostname="PJ" failures="0" tests="4" name="Login Page Test_chrome" time="9.427" errors="0" timestamp="2025-12-22T14:45:45 IST">
  <testcase classname="com.qa.opencart.tests.LoginPageTest" name="loginPageTitleTest" time="0.17"/>
  <testcase classname="com.qa.opencart.tests.LoginPageTest" name="loginPageUrlTest" time="0.028"/>
  <testcase classname="com.qa.opencart.tests.LoginPageTest" name="forgotpassLinkExistTest" time="0.93"/>
  <testcase classname="com.qa.opencart.tests.LoginPageTest" name="loginTest" time="2.555"/>
</testsuite> <!-- Login Page Test_chrome -->
