<?xml version="1.0" encoding="UTF-8"?>
<!-- Generated by org.testng.reporters.JUnitXMLReporter -->
<testsuite ignored="0" hostname="PJ" failures="0" tests="4" name="Default test" time="12.164" errors="0" timestamp="2025-11-26T15:14:13 IST">
  <testcase classname="com.qa.opencart.tests.LoginPageTest" name="loginPageTitleTest" time="0.15"/>
  <testcase classname="com.qa.opencart.tests.LoginPageTest" name="loginPageUrlTest" time="0.052"/>
  <testcase classname="com.qa.opencart.tests.LoginPageTest" name="forgotpassLinkExistTest" time="1.141"/>
  <testcase classname="com.qa.opencart.tests.LoginPageTest" name="loginTest" time="3.314"/>
</testsuite> <!-- Default test -->
