<?xml version="1.0" encoding="UTF-8"?>
<testng-results ignored="0" total="2" passed="2" failed="0" skipped="0">
  <reporter-output>
  </reporter-output>
  <suite started-at="2025-11-13T15:17:16 IST" name="Default suite" finished-at="2025-11-13T15:17:27 IST" duration-ms="10705">
    <groups>
    </groups>
    <test started-at="2025-11-13T15:17:16 IST" name="Default test" finished-at="2025-11-13T15:17:27 IST" duration-ms="10705">
      <class name="com.qa.opencart.tests.ProductInfoPageTest">
        <test-method is-config="true" signature="setUp()[pri:0, instance:com.qa.opencart.tests.ProductInfoPageTest@60db1c0e]" started-at="2025-11-13T15:17:16 IST" name="setUp" finished-at="2025-11-13T15:17:21 IST" duration-ms="4930" status="PASS">
          <reporter-output>
          </reporter-output>
        </test-method> <!-- setUp -->
        <test-method is-config="true" signature="producInfoPageSetup()[pri:0, instance:com.qa.opencart.tests.ProductInfoPageTest@60db1c0e]" started-at="2025-11-13T15:17:21 IST" name="producInfoPageSetup" finished-at="2025-11-13T15:17:22 IST" duration-ms="805" status="PASS">
          <reporter-output>
          </reporter-output>
        </test-method> <!-- producInfoPageSetup -->
        <test-method signature="productHeaderTest()[pri:0, instance:com.qa.opencart.tests.ProductInfoPageTest@60db1c0e]" started-at="2025-11-13T15:17:22 IST" name="productHeaderTest" finished-at="2025-11-13T15:17:24 IST" duration-ms="2532" status="PASS">
          <reporter-output>
          </reporter-output>
        </test-method> <!-- productHeaderTest -->
        <test-method signature="productImagecountTest()[pri:0, instance:com.qa.opencart.tests.ProductInfoPageTest@60db1c0e]" started-at="2025-11-13T15:17:25 IST" name="productImagecountTest" finished-at="2025-11-13T15:17:26 IST" duration-ms="1630" status="PASS">
          <reporter-output>
          </reporter-output>
        </test-method> <!-- productImagecountTest -->
        <test-method is-config="true" signature="teardown()[pri:0, instance:com.qa.opencart.tests.ProductInfoPageTest@60db1c0e]" started-at="2025-11-13T15:17:26 IST" name="teardown" finished-at="2025-11-13T15:17:27 IST" duration-ms="425" status="PASS">
          <reporter-output>
          </reporter-output>
        </test-method> <!-- teardown -->
      </class> <!-- com.qa.opencart.tests.ProductInfoPageTest -->
    </test> <!-- Default test -->
  </suite> <!-- Default suite -->
</testng-results>
