<?xml version="1.0" encoding="UTF-8"?>
<testng-results ignored="0" total="9" passed="9" failed="0" skipped="0">
  <reporter-output>
  </reporter-output>
  <suite started-at="2025-12-11T15:23:33 IST" name="Opencart App Test Regression Suite" finished-at="2025-12-11T15:23:47 IST" duration-ms="14210">
    <groups>
    </groups>
    <test started-at="2025-12-11T15:23:33 IST" name="Accounts Page Test" finished-at="2025-12-11T15:23:46 IST" duration-ms="13694">
      <class name="com.qa.opencart.tests.AccountsPageTest">
        <test-method is-config="true" signature="setUp(java.lang.String)[pri:0, instance:com.qa.opencart.tests.AccountsPageTest@5b07730f]" started-at="2025-12-11T15:23:33 IST" name="setUp" finished-at="2025-12-11T15:23:40 IST" duration-ms="7478" status="PASS">
          <params>
            <param index="0">
              <value>
                <![CDATA[chrome]]>
              </value>
            </param>
          </params>
          <reporter-output>
          </reporter-output>
        </test-method> <!-- setUp -->
        <test-method is-config="true" signature="accPageSetup()[pri:0, instance:com.qa.opencart.tests.AccountsPageTest@5b07730f]" started-at="2025-12-11T15:23:40 IST" name="accPageSetup" finished-at="2025-12-11T15:23:44 IST" duration-ms="3868" status="PASS">
          <reporter-output>
          </reporter-output>
        </test-method> <!-- accPageSetup -->
        <test-method signature="accountHeaderCountTest()[pri:0, instance:com.qa.opencart.tests.AccountsPageTest@5b07730f]" started-at="2025-12-11T15:23:44 IST" name="accountHeaderCountTest" finished-at="2025-12-11T15:23:44 IST" duration-ms="315" status="PASS">
          <reporter-output>
          </reporter-output>
        </test-method> <!-- accountHeaderCountTest -->
        <test-method is-config="true" signature="attachScreenshot(org.testng.ITestResult)[pri:0, instance:com.qa.opencart.tests.AccountsPageTest@5b07730f]" started-at="2025-12-11T15:23:44 IST" name="attachScreenshot" finished-at="2025-12-11T15:23:45 IST" duration-ms="180" status="PASS">
          <params>
            <param index="0">
              <value>
                <![CDATA[[TestResult name=accountHeaderCountTest status=SUCCESS method=AccountsPageTest.accountHeaderCountTest()[pri:0, instance:com.qa.opencart.tests.AccountsPageTest@5b07730f] output={null}]]]>
              </value>
            </param>
          </params>
          <reporter-output>
          </reporter-output>
        </test-method> <!-- attachScreenshot -->
        <test-method signature="accountHeaderValueTest()[pri:0, instance:com.qa.opencart.tests.AccountsPageTest@5b07730f]" started-at="2025-12-11T15:23:45 IST" name="accountHeaderValueTest" finished-at="2025-12-11T15:23:45 IST" duration-ms="220" status="PASS">
          <reporter-output>
          </reporter-output>
        </test-method> <!-- accountHeaderValueTest -->
        <test-method is-config="true" signature="attachScreenshot(org.testng.ITestResult)[pri:0, instance:com.qa.opencart.tests.AccountsPageTest@5b07730f]" started-at="2025-12-11T15:23:45 IST" name="attachScreenshot" finished-at="2025-12-11T15:23:45 IST" duration-ms="189" status="PASS">
          <params>
            <param index="0">
              <value>
                <![CDATA[[TestResult name=accountHeaderValueTest status=SUCCESS method=AccountsPageTest.accountHeaderValueTest()[pri:0, instance:com.qa.opencart.tests.AccountsPageTest@5b07730f] output={null}]]]>
              </value>
            </param>
          </params>
          <reporter-output>
          </reporter-output>
        </test-method> <!-- attachScreenshot -->
        <test-method signature="accountsPageTitleTest()[pri:0, instance:com.qa.opencart.tests.AccountsPageTest@5b07730f]" started-at="2025-12-11T15:23:45 IST" name="accountsPageTitleTest" finished-at="2025-12-11T15:23:45 IST" duration-ms="44" status="PASS">
          <reporter-output>
          </reporter-output>
        </test-method> <!-- accountsPageTitleTest -->
        <test-method is-config="true" signature="attachScreenshot(org.testng.ITestResult)[pri:0, instance:com.qa.opencart.tests.AccountsPageTest@5b07730f]" started-at="2025-12-11T15:23:45 IST" name="attachScreenshot" finished-at="2025-12-11T15:23:45 IST" duration-ms="184" status="PASS">
          <params>
            <param index="0">
              <value>
                <![CDATA[[TestResult name=accountsPageTitleTest status=SUCCESS method=AccountsPageTest.accountsPageTitleTest()[pri:0, instance:com.qa.opencart.tests.AccountsPageTest@5b07730f] output={null}]]]>
              </value>
            </param>
          </params>
          <reporter-output>
          </reporter-output>
        </test-method> <!-- attachScreenshot -->
        <test-method signature="accountsPageUrlTest()[pri:0, instance:com.qa.opencart.tests.AccountsPageTest@5b07730f]" started-at="2025-12-11T15:23:45 IST" name="accountsPageUrlTest" finished-at="2025-12-11T15:23:45 IST" duration-ms="32" status="PASS">
          <reporter-output>
          </reporter-output>
        </test-method> <!-- accountsPageUrlTest -->
        <test-method is-config="true" signature="attachScreenshot(org.testng.ITestResult)[pri:0, instance:com.qa.opencart.tests.AccountsPageTest@5b07730f]" started-at="2025-12-11T15:23:45 IST" name="attachScreenshot" finished-at="2025-12-11T15:23:46 IST" duration-ms="203" status="PASS">
          <params>
            <param index="0">
              <value>
                <![CDATA[[TestResult name=accountsPageUrlTest status=SUCCESS method=AccountsPageTest.accountsPageUrlTest()[pri:0, instance:com.qa.opencart.tests.AccountsPageTest@5b07730f] output={null}]]]>
              </value>
            </param>
          </params>
          <reporter-output>
          </reporter-output>
        </test-method> <!-- attachScreenshot -->
        <test-method signature="isLogoutLinkExistTest()[pri:0, instance:com.qa.opencart.tests.AccountsPageTest@5b07730f]" started-at="2025-12-11T15:23:46 IST" name="isLogoutLinkExistTest" finished-at="2025-12-11T15:23:46 IST" duration-ms="107" status="PASS">
          <reporter-output>
          </reporter-output>
        </test-method> <!-- isLogoutLinkExistTest -->
        <test-method is-config="true" signature="attachScreenshot(org.testng.ITestResult)[pri:0, instance:com.qa.opencart.tests.AccountsPageTest@5b07730f]" started-at="2025-12-11T15:23:46 IST" name="attachScreenshot" finished-at="2025-12-11T15:23:46 IST" duration-ms="165" status="PASS">
          <params>
            <param index="0">
              <value>
                <![CDATA[[TestResult name=isLogoutLinkExistTest status=SUCCESS method=AccountsPageTest.isLogoutLinkExistTest()[pri:0, instance:com.qa.opencart.tests.AccountsPageTest@5b07730f] output={null}]]]>
              </value>
            </param>
          </params>
          <reporter-output>
          </reporter-output>
        </test-method> <!-- attachScreenshot -->
        <test-method is-config="true" signature="teardown()[pri:0, instance:com.qa.opencart.tests.AccountsPageTest@5b07730f]" started-at="2025-12-11T15:23:46 IST" name="teardown" finished-at="2025-12-11T15:23:46 IST" duration-ms="522" status="PASS">
          <reporter-output>
          </reporter-output>
        </test-method> <!-- teardown -->
      </class> <!-- com.qa.opencart.tests.AccountsPageTest -->
    </test> <!-- Accounts Page Test -->
    <test started-at="2025-12-11T15:23:33 IST" name="Login Page Test_chrome" finished-at="2025-12-11T15:23:47 IST" duration-ms="14210">
      <class name="com.qa.opencart.tests.LoginPageTest">
        <test-method is-config="true" signature="setUp(java.lang.String)[pri:0, instance:com.qa.opencart.tests.LoginPageTest@57eda880]" started-at="2025-12-11T15:23:33 IST" name="setUp" finished-at="2025-12-11T15:23:40 IST" duration-ms="7563" status="PASS">
          <params>
            <param index="0">
              <value>
                <![CDATA[chrome]]>
              </value>
            </param>
          </params>
          <reporter-output>
          </reporter-output>
        </test-method> <!-- setUp -->
        <test-method signature="loginPageTitleTest()[pri:1, instance:com.qa.opencart.tests.LoginPageTest@57eda880]" started-at="2025-12-11T15:23:40 IST" name="loginPageTitleTest" finished-at="2025-12-11T15:23:41 IST" duration-ms="185" status="PASS">
          <reporter-output>
          </reporter-output>
        </test-method> <!-- loginPageTitleTest -->
        <test-method is-config="true" signature="attachScreenshot(org.testng.ITestResult)[pri:0, instance:com.qa.opencart.tests.LoginPageTest@57eda880]" started-at="2025-12-11T15:23:41 IST" name="attachScreenshot" finished-at="2025-12-11T15:23:41 IST" duration-ms="229" status="PASS">
          <params>
            <param index="0">
              <value>
                <![CDATA[[TestResult name=loginPageTitleTest status=SUCCESS method=LoginPageTest.loginPageTitleTest()[pri:1, instance:com.qa.opencart.tests.LoginPageTest@57eda880] output={null}]]]>
              </value>
            </param>
          </params>
          <reporter-output>
          </reporter-output>
        </test-method> <!-- attachScreenshot -->
        <test-method signature="loginPageUrlTest()[pri:2, instance:com.qa.opencart.tests.LoginPageTest@57eda880]" started-at="2025-12-11T15:23:41 IST" name="loginPageUrlTest" finished-at="2025-12-11T15:23:41 IST" duration-ms="33" status="PASS">
          <reporter-output>
          </reporter-output>
        </test-method> <!-- loginPageUrlTest -->
        <test-method is-config="true" signature="attachScreenshot(org.testng.ITestResult)[pri:0, instance:com.qa.opencart.tests.LoginPageTest@57eda880]" started-at="2025-12-11T15:23:41 IST" name="attachScreenshot" finished-at="2025-12-11T15:23:41 IST" duration-ms="187" status="PASS">
          <params>
            <param index="0">
              <value>
                <![CDATA[[TestResult name=loginPageUrlTest status=SUCCESS method=LoginPageTest.loginPageUrlTest()[pri:2, instance:com.qa.opencart.tests.LoginPageTest@57eda880] output={null}]]]>
              </value>
            </param>
          </params>
          <reporter-output>
          </reporter-output>
        </test-method> <!-- attachScreenshot -->
        <test-method signature="forgotpassLinkExistTest()[pri:3, instance:com.qa.opencart.tests.LoginPageTest@57eda880]" started-at="2025-12-11T15:23:41 IST" name="forgotpassLinkExistTest" finished-at="2025-12-11T15:23:42 IST" duration-ms="1054" status="PASS">
          <reporter-output>
          </reporter-output>
        </test-method> <!-- forgotpassLinkExistTest -->
        <test-method is-config="true" signature="attachScreenshot(org.testng.ITestResult)[pri:0, instance:com.qa.opencart.tests.LoginPageTest@57eda880]" started-at="2025-12-11T15:23:42 IST" name="attachScreenshot" finished-at="2025-12-11T15:23:43 IST" duration-ms="205" status="PASS">
          <params>
            <param index="0">
              <value>
                <![CDATA[[TestResult name=forgotpassLinkExistTest status=SUCCESS method=LoginPageTest.forgotpassLinkExistTest()[pri:3, instance:com.qa.opencart.tests.LoginPageTest@57eda880] output={null}]]]>
              </value>
            </param>
          </params>
          <reporter-output>
          </reporter-output>
        </test-method> <!-- attachScreenshot -->
        <test-method signature="loginTest()[pri:32767, instance:com.qa.opencart.tests.LoginPageTest@57eda880]" started-at="2025-12-11T15:23:43 IST" name="loginTest" finished-at="2025-12-11T15:23:46 IST" duration-ms="3655" status="PASS">
          <reporter-output>
          </reporter-output>
        </test-method> <!-- loginTest -->
        <test-method is-config="true" signature="attachScreenshot(org.testng.ITestResult)[pri:0, instance:com.qa.opencart.tests.LoginPageTest@57eda880]" started-at="2025-12-11T15:23:46 IST" name="attachScreenshot" finished-at="2025-12-11T15:23:46 IST" duration-ms="191" status="PASS">
          <params>
            <param index="0">
              <value>
                <![CDATA[[TestResult name=loginTest status=SUCCESS method=LoginPageTest.loginTest()[pri:32767, instance:com.qa.opencart.tests.LoginPageTest@57eda880] output={null}]]]>
              </value>
            </param>
          </params>
          <reporter-output>
          </reporter-output>
        </test-method> <!-- attachScreenshot -->
        <test-method is-config="true" signature="teardown()[pri:0, instance:com.qa.opencart.tests.LoginPageTest@57eda880]" started-at="2025-12-11T15:23:46 IST" name="teardown" finished-at="2025-12-11T15:23:47 IST" duration-ms="514" status="PASS">
          <reporter-output>
          </reporter-output>
        </test-method> <!-- teardown -->
      </class> <!-- com.qa.opencart.tests.LoginPageTest -->
    </test> <!-- Login Page Test_chrome -->
  </suite> <!-- Opencart App Test Regression Suite -->
</testng-results>
