<?xml version="1.0" encoding="UTF-8"?>
<testng-results ignored="0" total="6" passed="6" failed="0" skipped="0">
  <reporter-output>
  </reporter-output>
  <suite started-at="2025-11-17T16:30:12 IST" name="Default suite" finished-at="2025-11-17T16:30:27 IST" duration-ms="15440">
    <groups>
    </groups>
    <test started-at="2025-11-17T16:30:12 IST" name="Default test" finished-at="2025-11-17T16:30:27 IST" duration-ms="15440">
      <class name="com.qa.opencart.tests.ProductInfoPageTest">
        <test-method is-config="true" signature="setUp()[pri:0, instance:com.qa.opencart.tests.ProductInfoPageTest@7d7758be]" started-at="2025-11-17T16:30:12 IST" name="setUp" finished-at="2025-11-17T16:30:18 IST" duration-ms="6003" status="PASS">
          <reporter-output>
          </reporter-output>
        </test-method> <!-- setUp -->
        <test-method is-config="true" signature="producInfoPageSetup()[pri:0, instance:com.qa.opencart.tests.ProductInfoPageTest@7d7758be]" started-at="2025-11-17T16:30:18 IST" name="producInfoPageSetup" finished-at="2025-11-17T16:30:18 IST" duration-ms="260" status="PASS">
          <reporter-output>
          </reporter-output>
        </test-method> <!-- producInfoPageSetup -->
        <test-method signature="productHeaderTest()[pri:0, instance:com.qa.opencart.tests.ProductInfoPageTest@7d7758be]" started-at="2025-11-17T16:30:18 IST" name="productHeaderTest" finished-at="2025-11-17T16:30:20 IST" duration-ms="2044" status="PASS">
          <reporter-output>
          </reporter-output>
        </test-method> <!-- productHeaderTest -->
        <test-method signature="productImagecountTest(java.lang.String,java.lang.String,int)[pri:0, instance:com.qa.opencart.tests.ProductInfoPageTest@7d7758be]" started-at="2025-11-17T16:30:20 IST" name="productImagecountTest" data-provider="getProductImagesTestData" finished-at="2025-11-17T16:30:21 IST" duration-ms="1168" status="PASS">
          <params>
            <param index="0">
              <value>
                <![CDATA[MacBook]]>
              </value>
            </param>
            <param index="1">
              <value>
                <![CDATA[MacBook Pro]]>
              </value>
            </param>
            <param index="2">
              <value>
                <![CDATA[4]]>
              </value>
            </param>
          </params>
          <reporter-output>
          </reporter-output>
        </test-method> <!-- productImagecountTest -->
        <test-method signature="productImagecountTest(java.lang.String,java.lang.String,int)[pri:0, instance:com.qa.opencart.tests.ProductInfoPageTest@7d7758be]" started-at="2025-11-17T16:30:21 IST" name="productImagecountTest" data-provider="getProductImagesTestData" finished-at="2025-11-17T16:30:23 IST" duration-ms="1327" status="PASS">
          <params>
            <param index="0">
              <value>
                <![CDATA[MacBook]]>
              </value>
            </param>
            <param index="1">
              <value>
                <![CDATA[MacBook Air]]>
              </value>
            </param>
            <param index="2">
              <value>
                <![CDATA[4]]>
              </value>
            </param>
          </params>
          <reporter-output>
          </reporter-output>
        </test-method> <!-- productImagecountTest -->
        <test-method signature="productImagecountTest(java.lang.String,java.lang.String,int)[pri:0, instance:com.qa.opencart.tests.ProductInfoPageTest@7d7758be]" started-at="2025-11-17T16:30:23 IST" name="productImagecountTest" data-provider="getProductImagesTestData" finished-at="2025-11-17T16:30:24 IST" duration-ms="1335" status="PASS">
          <params>
            <param index="0">
              <value>
                <![CDATA[iMac]]>
              </value>
            </param>
            <param index="1">
              <value>
                <![CDATA[iMac]]>
              </value>
            </param>
            <param index="2">
              <value>
                <![CDATA[3]]>
              </value>
            </param>
          </params>
          <reporter-output>
          </reporter-output>
        </test-method> <!-- productImagecountTest -->
        <test-method signature="productImagecountTest(java.lang.String,java.lang.String,int)[pri:0, instance:com.qa.opencart.tests.ProductInfoPageTest@7d7758be]" started-at="2025-11-17T16:30:24 IST" name="productImagecountTest" data-provider="getProductImagesTestData" finished-at="2025-11-17T16:30:26 IST" duration-ms="1766" status="PASS">
          <params>
            <param index="0">
              <value>
                <![CDATA[Apple]]>
              </value>
            </param>
            <param index="1">
              <value>
                <![CDATA[Apple Cinema 30"]]>
              </value>
            </param>
            <param index="2">
              <value>
                <![CDATA[6]]>
              </value>
            </param>
          </params>
          <reporter-output>
          </reporter-output>
        </test-method> <!-- productImagecountTest -->
        <test-method signature="productInfoTest()[pri:0, instance:com.qa.opencart.tests.ProductInfoPageTest@7d7758be]" started-at="2025-11-17T16:30:26 IST" name="productInfoTest" finished-at="2025-11-17T16:30:27 IST" duration-ms="1178" status="PASS">
          <reporter-output>
          </reporter-output>
        </test-method> <!-- productInfoTest -->
        <test-method is-config="true" signature="teardown()[pri:0, instance:com.qa.opencart.tests.ProductInfoPageTest@7d7758be]" started-at="2025-11-17T16:30:27 IST" name="teardown" finished-at="2025-11-17T16:30:27 IST" duration-ms="176" status="PASS">
          <reporter-output>
          </reporter-output>
        </test-method> <!-- teardown -->
      </class> <!-- com.qa.opencart.tests.ProductInfoPageTest -->
    </test> <!-- Default test -->
  </suite> <!-- Default suite -->
</testng-results>
