<?xml version="1.0" encoding="UTF-8"?>
<testng-results ignored="0" total="5" passed="5" failed="0" skipped="0">
  <reporter-output>
  </reporter-output>
  <suite started-at="2025-11-10T15:06:40 IST" name="Default suite" finished-at="2025-11-10T15:06:47 IST" duration-ms="7095">
    <groups>
    </groups>
    <test started-at="2025-11-10T15:06:40 IST" name="Default test" finished-at="2025-11-10T15:06:47 IST" duration-ms="7095">
      <class name="com.qa.opencart.tests.AccountsPageTest">
        <test-method is-config="true" signature="setUp()[pri:0, instance:com.qa.opencart.tests.AccountsPageTest@41f69e84]" started-at="2025-11-10T15:06:40 IST" name="setUp" finished-at="2025-11-10T15:06:44 IST" duration-ms="4184" status="PASS">
          <reporter-output>
          </reporter-output>
        </test-method> <!-- setUp -->
        <test-method is-config="true" signature="accPageSetup()[pri:0, instance:com.qa.opencart.tests.AccountsPageTest@41f69e84]" started-at="2025-11-10T15:06:44 IST" name="accPageSetup" finished-at="2025-11-10T15:06:45 IST" duration-ms="840" status="PASS">
          <reporter-output>
          </reporter-output>
        </test-method> <!-- accPageSetup -->
        <test-method signature="accountHeaderCountTest()[pri:0, instance:com.qa.opencart.tests.AccountsPageTest@41f69e84]" started-at="2025-11-10T15:06:45 IST" name="accountHeaderCountTest" finished-at="2025-11-10T15:06:46 IST" duration-ms="836" status="PASS">
          <reporter-output>
          </reporter-output>
        </test-method> <!-- accountHeaderCountTest -->
        <test-method signature="accountHeaderValueTest()[pri:0, instance:com.qa.opencart.tests.AccountsPageTest@41f69e84]" started-at="2025-11-10T15:06:46 IST" name="accountHeaderValueTest" finished-at="2025-11-10T15:06:47 IST" duration-ms="273" status="PASS">
          <reporter-output>
          </reporter-output>
        </test-method> <!-- accountHeaderValueTest -->
        <test-method signature="accountsPageTitleTest()[pri:0, instance:com.qa.opencart.tests.AccountsPageTest@41f69e84]" started-at="2025-11-10T15:06:47 IST" name="accountsPageTitleTest" finished-at="2025-11-10T15:06:47 IST" duration-ms="39" status="PASS">
          <reporter-output>
          </reporter-output>
        </test-method> <!-- accountsPageTitleTest -->
        <test-method signature="accountsPageUrlTest()[pri:0, instance:com.qa.opencart.tests.AccountsPageTest@41f69e84]" started-at="2025-11-10T15:06:47 IST" name="accountsPageUrlTest" finished-at="2025-11-10T15:06:47 IST" duration-ms="40" status="PASS">
          <reporter-output>
          </reporter-output>
        </test-method> <!-- accountsPageUrlTest -->
        <test-method signature="isLogoutLinkExistTest()[pri:0, instance:com.qa.opencart.tests.AccountsPageTest@41f69e84]" started-at="2025-11-10T15:06:47 IST" name="isLogoutLinkExistTest" finished-at="2025-11-10T15:06:47 IST" duration-ms="105" status="PASS">
          <reporter-output>
          </reporter-output>
        </test-method> <!-- isLogoutLinkExistTest -->
        <test-method is-config="true" signature="teardown()[pri:0, instance:com.qa.opencart.tests.AccountsPageTest@41f69e84]" started-at="2025-11-10T15:06:47 IST" name="teardown" finished-at="2025-11-10T15:06:47 IST" duration-ms="365" status="PASS">
          <reporter-output>
          </reporter-output>
        </test-method> <!-- teardown -->
      </class> <!-- com.qa.opencart.tests.AccountsPageTest -->
    </test> <!-- Default test -->
  </suite> <!-- Default suite -->
</testng-results>
