<?xml version="1.0" encoding="UTF-8"?>
<testng-results ignored="0" total="4" passed="4" failed="0" skipped="0">
  <reporter-output>
  </reporter-output>
  <suite started-at="2025-11-26T15:14:00 IST" name="Default suite" finished-at="2025-11-26T15:14:13 IST" duration-ms="12164">
    <groups>
    </groups>
    <test started-at="2025-11-26T15:14:00 IST" name="Default test" finished-at="2025-11-26T15:14:13 IST" duration-ms="12164">
      <class name="com.qa.opencart.tests.LoginPageTest">
        <test-method is-config="true" signature="setUp()[pri:0, instance:com.qa.opencart.tests.LoginPageTest@50f6ac94]" started-at="2025-11-26T15:14:00 IST" name="setUp" finished-at="2025-11-26T15:14:07 IST" duration-ms="6598" status="PASS">
          <reporter-output>
          </reporter-output>
        </test-method> <!-- setUp -->
        <test-method signature="loginPageTitleTest()[pri:1, instance:com.qa.opencart.tests.LoginPageTest@50f6ac94]" started-at="2025-11-26T15:14:07 IST" name="loginPageTitleTest" finished-at="2025-11-26T15:14:07 IST" duration-ms="150" status="PASS">
          <reporter-output>
          </reporter-output>
        </test-method> <!-- loginPageTitleTest -->
        <test-method signature="loginPageUrlTest()[pri:2, instance:com.qa.opencart.tests.LoginPageTest@50f6ac94]" started-at="2025-11-26T15:14:07 IST" name="loginPageUrlTest" finished-at="2025-11-26T15:14:08 IST" duration-ms="52" status="PASS">
          <reporter-output>
          </reporter-output>
        </test-method> <!-- loginPageUrlTest -->
        <test-method signature="forgotpassLinkExistTest()[pri:3, instance:com.qa.opencart.tests.LoginPageTest@50f6ac94]" started-at="2025-11-26T15:14:08 IST" name="forgotpassLinkExistTest" finished-at="2025-11-26T15:14:09 IST" duration-ms="1141" status="PASS">
          <reporter-output>
          </reporter-output>
        </test-method> <!-- forgotpassLinkExistTest -->
        <test-method signature="loginTest()[pri:32767, instance:com.qa.opencart.tests.LoginPageTest@50f6ac94]" started-at="2025-11-26T15:14:09 IST" name="loginTest" finished-at="2025-11-26T15:14:12 IST" duration-ms="3314" status="PASS">
          <reporter-output>
          </reporter-output>
        </test-method> <!-- loginTest -->
        <test-method is-config="true" signature="teardown()[pri:0, instance:com.qa.opencart.tests.LoginPageTest@50f6ac94]" started-at="2025-11-26T15:14:12 IST" name="teardown" finished-at="2025-11-26T15:14:13 IST" duration-ms="527" status="PASS">
          <reporter-output>
          </reporter-output>
        </test-method> <!-- teardown -->
      </class> <!-- com.qa.opencart.tests.LoginPageTest -->
    </test> <!-- Default test -->
  </suite> <!-- Default suite -->
</testng-results>
