<?xml version="1.0" encoding="UTF-8"?>
<testng-results ignored="0" total="9" passed="9" failed="0" skipped="0">
  <reporter-output>
  </reporter-output>
  <suite started-at="2025-12-17T16:20:17 IST" name="Opencart App Test Regression Suite" finished-at="2025-12-17T16:20:41 IST" duration-ms="24092">
    <groups>
    </groups>
    <test started-at="2025-12-17T16:20:17 IST" name="Accounts Page Test" finished-at="2025-12-17T16:20:40 IST" duration-ms="23284">
      <class name="com.qa.opencart.tests.AccountsPageTest">
        <test-method is-config="true" signature="setUp(java.lang.String)[pri:0, instance:com.qa.opencart.tests.AccountsPageTest@ca8ef3a]" started-at="2025-12-17T16:20:17 IST" name="setUp" finished-at="2025-12-17T16:20:34 IST" duration-ms="17099" status="PASS">
          <params>
            <param index="0">
              <value>
                <![CDATA[chrome]]>
              </value>
            </param>
          </params>
          <reporter-output>
          </reporter-output>
        </test-method> <!-- setUp -->
        <test-method is-config="true" signature="accPageSetup()[pri:0, instance:com.qa.opencart.tests.AccountsPageTest@ca8ef3a]" started-at="2025-12-17T16:20:34 IST" name="accPageSetup" finished-at="2025-12-17T16:20:39 IST" duration-ms="4412" status="PASS">
          <reporter-output>
          </reporter-output>
        </test-method> <!-- accPageSetup -->
        <test-method signature="accountHeaderCountTest()[pri:0, instance:com.qa.opencart.tests.AccountsPageTest@ca8ef3a]" started-at="2025-12-17T16:20:39 IST" name="accountHeaderCountTest" finished-at="2025-12-17T16:20:39 IST" duration-ms="380" status="PASS">
          <reporter-output>
          </reporter-output>
        </test-method> <!-- accountHeaderCountTest -->
        <test-method is-config="true" signature="attachScreenshot(org.testng.ITestResult)[pri:0, instance:com.qa.opencart.tests.AccountsPageTest@ca8ef3a]" started-at="2025-12-17T16:20:39 IST" name="attachScreenshot" finished-at="2025-12-17T16:20:39 IST" duration-ms="2" status="PASS">
          <params>
            <param index="0">
              <value>
                <![CDATA[[TestResult name=accountHeaderCountTest status=SUCCESS method=AccountsPageTest.accountHeaderCountTest()[pri:0, instance:com.qa.opencart.tests.AccountsPageTest@ca8ef3a] output={null}]]]>
              </value>
            </param>
          </params>
          <reporter-output>
          </reporter-output>
        </test-method> <!-- attachScreenshot -->
        <test-method signature="accountHeaderValueTest()[pri:0, instance:com.qa.opencart.tests.AccountsPageTest@ca8ef3a]" started-at="2025-12-17T16:20:39 IST" name="accountHeaderValueTest" finished-at="2025-12-17T16:20:39 IST" duration-ms="229" status="PASS">
          <reporter-output>
          </reporter-output>
        </test-method> <!-- accountHeaderValueTest -->
        <test-method is-config="true" signature="attachScreenshot(org.testng.ITestResult)[pri:0, instance:com.qa.opencart.tests.AccountsPageTest@ca8ef3a]" started-at="2025-12-17T16:20:39 IST" name="attachScreenshot" finished-at="2025-12-17T16:20:39 IST" duration-ms="0" status="PASS">
          <params>
            <param index="0">
              <value>
                <![CDATA[[TestResult name=accountHeaderValueTest status=SUCCESS method=AccountsPageTest.accountHeaderValueTest()[pri:0, instance:com.qa.opencart.tests.AccountsPageTest@ca8ef3a] output={null}]]]>
              </value>
            </param>
          </params>
          <reporter-output>
          </reporter-output>
        </test-method> <!-- attachScreenshot -->
        <test-method signature="accountsPageTitleTest()[pri:0, instance:com.qa.opencart.tests.AccountsPageTest@ca8ef3a]" started-at="2025-12-17T16:20:39 IST" name="accountsPageTitleTest" finished-at="2025-12-17T16:20:39 IST" duration-ms="42" status="PASS">
          <reporter-output>
          </reporter-output>
        </test-method> <!-- accountsPageTitleTest -->
        <test-method is-config="true" signature="attachScreenshot(org.testng.ITestResult)[pri:0, instance:com.qa.opencart.tests.AccountsPageTest@ca8ef3a]" started-at="2025-12-17T16:20:39 IST" name="attachScreenshot" finished-at="2025-12-17T16:20:39 IST" duration-ms="0" status="PASS">
          <params>
            <param index="0">
              <value>
                <![CDATA[[TestResult name=accountsPageTitleTest status=SUCCESS method=AccountsPageTest.accountsPageTitleTest()[pri:0, instance:com.qa.opencart.tests.AccountsPageTest@ca8ef3a] output={null}]]]>
              </value>
            </param>
          </params>
          <reporter-output>
          </reporter-output>
        </test-method> <!-- attachScreenshot -->
        <test-method signature="accountsPageUrlTest()[pri:0, instance:com.qa.opencart.tests.AccountsPageTest@ca8ef3a]" started-at="2025-12-17T16:20:39 IST" name="accountsPageUrlTest" finished-at="2025-12-17T16:20:40 IST" duration-ms="40" status="PASS">
          <reporter-output>
          </reporter-output>
        </test-method> <!-- accountsPageUrlTest -->
        <test-method is-config="true" signature="attachScreenshot(org.testng.ITestResult)[pri:0, instance:com.qa.opencart.tests.AccountsPageTest@ca8ef3a]" started-at="2025-12-17T16:20:40 IST" name="attachScreenshot" finished-at="2025-12-17T16:20:40 IST" duration-ms="1" status="PASS">
          <params>
            <param index="0">
              <value>
                <![CDATA[[TestResult name=accountsPageUrlTest status=SUCCESS method=AccountsPageTest.accountsPageUrlTest()[pri:0, instance:com.qa.opencart.tests.AccountsPageTest@ca8ef3a] output={null}]]]>
              </value>
            </param>
          </params>
          <reporter-output>
          </reporter-output>
        </test-method> <!-- attachScreenshot -->
        <test-method signature="isLogoutLinkExistTest()[pri:0, instance:com.qa.opencart.tests.AccountsPageTest@ca8ef3a]" started-at="2025-12-17T16:20:40 IST" name="isLogoutLinkExistTest" finished-at="2025-12-17T16:20:40 IST" duration-ms="196" status="PASS">
          <reporter-output>
          </reporter-output>
        </test-method> <!-- isLogoutLinkExistTest -->
        <test-method is-config="true" signature="teardown()[pri:0, instance:com.qa.opencart.tests.AccountsPageTest@ca8ef3a]" started-at="2025-12-17T16:20:40 IST" name="teardown" finished-at="2025-12-17T16:20:40 IST" duration-ms="536" status="PASS">
          <reporter-output>
          </reporter-output>
        </test-method> <!-- teardown -->
        <test-method is-config="true" signature="attachScreenshot(org.testng.ITestResult)[pri:0, instance:com.qa.opencart.tests.AccountsPageTest@ca8ef3a]" started-at="2025-12-17T16:20:40 IST" name="attachScreenshot" finished-at="2025-12-17T16:20:40 IST" duration-ms="0" status="PASS">
          <params>
            <param index="0">
              <value>
                <![CDATA[[TestResult name=isLogoutLinkExistTest status=SUCCESS method=AccountsPageTest.isLogoutLinkExistTest()[pri:0, instance:com.qa.opencart.tests.AccountsPageTest@ca8ef3a] output={null}]]]>
              </value>
            </param>
          </params>
          <reporter-output>
          </reporter-output>
        </test-method> <!-- attachScreenshot -->
      </class> <!-- com.qa.opencart.tests.AccountsPageTest -->
    </test> <!-- Accounts Page Test -->
    <test started-at="2025-12-17T16:20:17 IST" name="Login Page Test_chrome" finished-at="2025-12-17T16:20:41 IST" duration-ms="24092">
      <class name="com.qa.opencart.tests.LoginPageTest">
        <test-method is-config="true" signature="setUp(java.lang.String)[pri:0, instance:com.qa.opencart.tests.LoginPageTest@73613ae5]" started-at="2025-12-17T16:20:17 IST" name="setUp" finished-at="2025-12-17T16:20:34 IST" duration-ms="17282" status="PASS">
          <params>
            <param index="0">
              <value>
                <![CDATA[chrome]]>
              </value>
            </param>
          </params>
          <reporter-output>
          </reporter-output>
        </test-method> <!-- setUp -->
        <test-method signature="loginPageTitleTest()[pri:1, instance:com.qa.opencart.tests.LoginPageTest@73613ae5]" started-at="2025-12-17T16:20:35 IST" name="loginPageTitleTest" finished-at="2025-12-17T16:20:35 IST" duration-ms="337" status="PASS">
          <reporter-output>
          </reporter-output>
        </test-method> <!-- loginPageTitleTest -->
        <test-method is-config="true" signature="attachScreenshot(org.testng.ITestResult)[pri:0, instance:com.qa.opencart.tests.LoginPageTest@73613ae5]" started-at="2025-12-17T16:20:35 IST" name="attachScreenshot" finished-at="2025-12-17T16:20:35 IST" duration-ms="12" status="PASS">
          <params>
            <param index="0">
              <value>
                <![CDATA[[TestResult name=loginPageTitleTest status=SUCCESS method=LoginPageTest.loginPageTitleTest()[pri:1, instance:com.qa.opencart.tests.LoginPageTest@73613ae5] output={null}]]]>
              </value>
            </param>
          </params>
          <reporter-output>
          </reporter-output>
        </test-method> <!-- attachScreenshot -->
        <test-method signature="loginPageUrlTest()[pri:2, instance:com.qa.opencart.tests.LoginPageTest@73613ae5]" started-at="2025-12-17T16:20:36 IST" name="loginPageUrlTest" finished-at="2025-12-17T16:20:36 IST" duration-ms="44" status="PASS">
          <reporter-output>
          </reporter-output>
        </test-method> <!-- loginPageUrlTest -->
        <test-method is-config="true" signature="attachScreenshot(org.testng.ITestResult)[pri:0, instance:com.qa.opencart.tests.LoginPageTest@73613ae5]" started-at="2025-12-17T16:20:36 IST" name="attachScreenshot" finished-at="2025-12-17T16:20:36 IST" duration-ms="2" status="PASS">
          <params>
            <param index="0">
              <value>
                <![CDATA[[TestResult name=loginPageUrlTest status=SUCCESS method=LoginPageTest.loginPageUrlTest()[pri:2, instance:com.qa.opencart.tests.LoginPageTest@73613ae5] output={null}]]]>
              </value>
            </param>
          </params>
          <reporter-output>
          </reporter-output>
        </test-method> <!-- attachScreenshot -->
        <test-method signature="forgotpassLinkExistTest()[pri:3, instance:com.qa.opencart.tests.LoginPageTest@73613ae5]" started-at="2025-12-17T16:20:36 IST" name="forgotpassLinkExistTest" finished-at="2025-12-17T16:20:37 IST" duration-ms="1203" status="PASS">
          <reporter-output>
          </reporter-output>
        </test-method> <!-- forgotpassLinkExistTest -->
        <test-method is-config="true" signature="attachScreenshot(org.testng.ITestResult)[pri:0, instance:com.qa.opencart.tests.LoginPageTest@73613ae5]" started-at="2025-12-17T16:20:37 IST" name="attachScreenshot" finished-at="2025-12-17T16:20:37 IST" duration-ms="2" status="PASS">
          <params>
            <param index="0">
              <value>
                <![CDATA[[TestResult name=forgotpassLinkExistTest status=SUCCESS method=LoginPageTest.forgotpassLinkExistTest()[pri:3, instance:com.qa.opencart.tests.LoginPageTest@73613ae5] output={null}]]]>
              </value>
            </param>
          </params>
          <reporter-output>
          </reporter-output>
        </test-method> <!-- attachScreenshot -->
        <test-method signature="loginTest()[pri:32767, instance:com.qa.opencart.tests.LoginPageTest@73613ae5]" started-at="2025-12-17T16:20:37 IST" name="loginTest" finished-at="2025-12-17T16:20:41 IST" duration-ms="3812" status="PASS">
          <reporter-output>
          </reporter-output>
        </test-method> <!-- loginTest -->
        <test-method is-config="true" signature="attachScreenshot(org.testng.ITestResult)[pri:0, instance:com.qa.opencart.tests.LoginPageTest@73613ae5]" started-at="2025-12-17T16:20:41 IST" name="attachScreenshot" finished-at="2025-12-17T16:20:41 IST" duration-ms="2" status="PASS">
          <params>
            <param index="0">
              <value>
                <![CDATA[[TestResult name=loginTest status=SUCCESS method=LoginPageTest.loginTest()[pri:32767, instance:com.qa.opencart.tests.LoginPageTest@73613ae5] output={null}]]]>
              </value>
            </param>
          </params>
          <reporter-output>
          </reporter-output>
        </test-method> <!-- attachScreenshot -->
        <test-method is-config="true" signature="teardown()[pri:0, instance:com.qa.opencart.tests.LoginPageTest@73613ae5]" started-at="2025-12-17T16:20:41 IST" name="teardown" finished-at="2025-12-17T16:20:41 IST" duration-ms="456" status="PASS">
          <reporter-output>
          </reporter-output>
        </test-method> <!-- teardown -->
      </class> <!-- com.qa.opencart.tests.LoginPageTest -->
    </test> <!-- Login Page Test_chrome -->
  </suite> <!-- Opencart App Test Regression Suite -->
</testng-results>
