<?xml version="1.0" encoding="UTF-8"?>
<testng-results ignored="0" total="4" passed="4" failed="0" skipped="0">
  <reporter-output>
  </reporter-output>
  <suite started-at="2025-12-22T14:45:36 IST" name="Opencart App Test Regression Suite" finished-at="2025-12-22T14:45:45 IST" duration-ms="9427">
    <groups>
    </groups>
    <test started-at="2025-12-22T14:45:36 IST" name="Login Page Test_chrome" finished-at="2025-12-22T14:45:45 IST" duration-ms="9427">
      <class name="com.qa.opencart.tests.LoginPageTest">
        <test-method is-config="true" signature="setUp(java.lang.String)[pri:0, instance:com.qa.opencart.tests.LoginPageTest@161dd92a]" started-at="2025-12-22T14:45:36 IST" name="setUp" finished-at="2025-12-22T14:45:41 IST" duration-ms="5147" status="PASS">
          <params>
            <param index="0">
              <value>
                <![CDATA[chrome]]>
              </value>
            </param>
          </params>
          <reporter-output>
          </reporter-output>
        </test-method> <!-- setUp -->
        <test-method is-config="true" signature="beforeMethod(org.testng.ITestContext)[pri:0, instance:com.qa.opencart.tests.LoginPageTest@161dd92a]" started-at="2025-12-22T14:45:41 IST" name="beforeMethod" finished-at="2025-12-22T14:45:41 IST" duration-ms="0" status="PASS">
          <params>
            <param index="0">
              <value>
                <![CDATA[org.testng.TestRunner@4877919f]]>
              </value>
            </param>
          </params>
          <reporter-output>
          </reporter-output>
        </test-method> <!-- beforeMethod -->
        <test-method signature="loginPageTitleTest()[pri:1, instance:com.qa.opencart.tests.LoginPageTest@161dd92a]" started-at="2025-12-22T14:45:41 IST" name="loginPageTitleTest" finished-at="2025-12-22T14:45:41 IST" duration-ms="170" status="PASS">
          <reporter-output>
          </reporter-output>
        </test-method> <!-- loginPageTitleTest -->
        <test-method is-config="true" signature="attachScreenshot(org.testng.ITestResult)[pri:0, instance:com.qa.opencart.tests.LoginPageTest@161dd92a]" started-at="2025-12-22T14:45:41 IST" name="attachScreenshot" finished-at="2025-12-22T14:45:41 IST" duration-ms="1" status="PASS">
          <params>
            <param index="0">
              <value>
                <![CDATA[[TestResult name=loginPageTitleTest status=SUCCESS method=LoginPageTest.loginPageTitleTest()[pri:1, instance:com.qa.opencart.tests.LoginPageTest@161dd92a] output={null}]]]>
              </value>
            </param>
          </params>
          <reporter-output>
          </reporter-output>
        </test-method> <!-- attachScreenshot -->
        <test-method signature="loginPageUrlTest()[pri:2, instance:com.qa.opencart.tests.LoginPageTest@161dd92a]" started-at="2025-12-22T14:45:41 IST" name="loginPageUrlTest" finished-at="2025-12-22T14:45:41 IST" duration-ms="28" status="PASS">
          <reporter-output>
          </reporter-output>
        </test-method> <!-- loginPageUrlTest -->
        <test-method is-config="true" signature="beforeMethod(org.testng.ITestContext)[pri:0, instance:com.qa.opencart.tests.LoginPageTest@161dd92a]" started-at="2025-12-22T14:45:41 IST" name="beforeMethod" finished-at="2025-12-22T14:45:41 IST" duration-ms="0" status="PASS">
          <params>
            <param index="0">
              <value>
                <![CDATA[org.testng.TestRunner@4877919f]]>
              </value>
            </param>
          </params>
          <reporter-output>
          </reporter-output>
        </test-method> <!-- beforeMethod -->
        <test-method is-config="true" signature="attachScreenshot(org.testng.ITestResult)[pri:0, instance:com.qa.opencart.tests.LoginPageTest@161dd92a]" started-at="2025-12-22T14:45:42 IST" name="attachScreenshot" finished-at="2025-12-22T14:45:42 IST" duration-ms="2" status="PASS">
          <params>
            <param index="0">
              <value>
                <![CDATA[[TestResult name=loginPageUrlTest status=SUCCESS method=LoginPageTest.loginPageUrlTest()[pri:2, instance:com.qa.opencart.tests.LoginPageTest@161dd92a] output={null}]]]>
              </value>
            </param>
          </params>
          <reporter-output>
          </reporter-output>
        </test-method> <!-- attachScreenshot -->
        <test-method signature="forgotpassLinkExistTest()[pri:3, instance:com.qa.opencart.tests.LoginPageTest@161dd92a]" started-at="2025-12-22T14:45:42 IST" name="forgotpassLinkExistTest" finished-at="2025-12-22T14:45:42 IST" duration-ms="930" status="PASS">
          <reporter-output>
          </reporter-output>
        </test-method> <!-- forgotpassLinkExistTest -->
        <test-method is-config="true" signature="beforeMethod(org.testng.ITestContext)[pri:0, instance:com.qa.opencart.tests.LoginPageTest@161dd92a]" started-at="2025-12-22T14:45:42 IST" name="beforeMethod" finished-at="2025-12-22T14:45:42 IST" duration-ms="0" status="PASS">
          <params>
            <param index="0">
              <value>
                <![CDATA[org.testng.TestRunner@4877919f]]>
              </value>
            </param>
          </params>
          <reporter-output>
          </reporter-output>
        </test-method> <!-- beforeMethod -->
        <test-method is-config="true" signature="attachScreenshot(org.testng.ITestResult)[pri:0, instance:com.qa.opencart.tests.LoginPageTest@161dd92a]" started-at="2025-12-22T14:45:42 IST" name="attachScreenshot" finished-at="2025-12-22T14:45:42 IST" duration-ms="0" status="PASS">
          <params>
            <param index="0">
              <value>
                <![CDATA[[TestResult name=forgotpassLinkExistTest status=SUCCESS method=LoginPageTest.forgotpassLinkExistTest()[pri:3, instance:com.qa.opencart.tests.LoginPageTest@161dd92a] output={null}]]]>
              </value>
            </param>
          </params>
          <reporter-output>
          </reporter-output>
        </test-method> <!-- attachScreenshot -->
        <test-method is-config="true" signature="beforeMethod(org.testng.ITestContext)[pri:0, instance:com.qa.opencart.tests.LoginPageTest@161dd92a]" started-at="2025-12-22T14:45:42 IST" name="beforeMethod" finished-at="2025-12-22T14:45:42 IST" duration-ms="1" status="PASS">
          <params>
            <param index="0">
              <value>
                <![CDATA[org.testng.TestRunner@4877919f]]>
              </value>
            </param>
          </params>
          <reporter-output>
          </reporter-output>
        </test-method> <!-- beforeMethod -->
        <test-method signature="loginTest()[pri:32767, instance:com.qa.opencart.tests.LoginPageTest@161dd92a]" started-at="2025-12-22T14:45:42 IST" name="loginTest" finished-at="2025-12-22T14:45:45 IST" duration-ms="2555" status="PASS">
          <reporter-output>
          </reporter-output>
        </test-method> <!-- loginTest -->
        <test-method is-config="true" signature="attachScreenshot(org.testng.ITestResult)[pri:0, instance:com.qa.opencart.tests.LoginPageTest@161dd92a]" started-at="2025-12-22T14:45:45 IST" name="attachScreenshot" finished-at="2025-12-22T14:45:45 IST" duration-ms="2" status="PASS">
          <params>
            <param index="0">
              <value>
                <![CDATA[[TestResult name=loginTest status=SUCCESS method=LoginPageTest.loginTest()[pri:32767, instance:com.qa.opencart.tests.LoginPageTest@161dd92a] output={null}]]]>
              </value>
            </param>
          </params>
          <reporter-output>
          </reporter-output>
        </test-method> <!-- attachScreenshot -->
        <test-method is-config="true" signature="teardown()[pri:0, instance:com.qa.opencart.tests.LoginPageTest@161dd92a]" started-at="2025-12-22T14:45:45 IST" name="teardown" finished-at="2025-12-22T14:45:45 IST" duration-ms="176" status="PASS">
          <reporter-output>
          </reporter-output>
        </test-method> <!-- teardown -->
      </class> <!-- com.qa.opencart.tests.LoginPageTest -->
    </test> <!-- Login Page Test_chrome -->
  </suite> <!-- Opencart App Test Regression Suite -->
</testng-results>
