<?xml version="1.0" encoding="UTF-8"?>
<!-- Generated by org.testng.reporters.JUnitReportReporter -->
<testsuite hostname="PJ" failures="0" tests="5" name="com.qa.opencart.tests.AccountsPageTest" time="0.580" errors="0" timestamp="2025-11-26T14:34:48 IST" skipped="0">
  <testcase classname="com.qa.opencart.tests.AccountsPageTest" name="accountHeaderValueTest" time="0.155"/>
  <testcase classname="com.qa.opencart.tests.AccountsPageTest" name="isLogoutLinkExistTest" time="0.071"/>
  <testcase classname="com.qa.opencart.tests.AccountsPageTest" name="accountsPageUrlTest" time="0.033"/>
  <testcase classname="com.qa.opencart.tests.AccountsPageTest" name="accountsPageTitleTest" time="0.032"/>
  <testcase classname="com.qa.opencart.tests.AccountsPageTest" name="accountHeaderCountTest" time="0.289"/>
</testsuite> <!-- com.qa.opencart.tests.AccountsPageTest -->
