<?xml version="1.0" encoding="UTF-8"?>
<!-- Generated by org.testng.reporters.JUnitReportReporter -->
<testsuite hostname="PJ" failures="0" tests="12" name="com.qa.opencart.tests.ProductInfoPageTest" time="23.085" errors="0" timestamp="2025-11-26T14:35:30 IST" skipped="0">
  <testcase classname="com.qa.opencart.tests.ProductInfoPageTest" name="productImagecountTest" time="2.344"/>
  <testcase classname="com.qa.opencart.tests.ProductInfoPageTest" name="producteCSVImagecountTest" time="1.598"/>
  <testcase classname="com.qa.opencart.tests.ProductInfoPageTest" name="producteExcelImagecountTest" time="1.598"/>
  <testcase classname="com.qa.opencart.tests.ProductInfoPageTest" name="producteExcelImagecountTest" time="2.068"/>
  <testcase classname="com.qa.opencart.tests.ProductInfoPageTest" name="productImagecountTest" time="1.936"/>
  <testcase classname="com.qa.opencart.tests.ProductInfoPageTest" name="producteCSVImagecountTest" time="1.806"/>
  <testcase classname="com.qa.opencart.tests.ProductInfoPageTest" name="productHeaderTest" time="2.377"/>
  <testcase classname="com.qa.opencart.tests.ProductInfoPageTest" name="productImagecountTest" time="2.362"/>
  <testcase classname="com.qa.opencart.tests.ProductInfoPageTest" name="producteCSVImagecountTest" time="1.775"/>
  <testcase classname="com.qa.opencart.tests.ProductInfoPageTest" name="productImagecountTest" time="1.710"/>
  <testcase classname="com.qa.opencart.tests.ProductInfoPageTest" name="producteExcelImagecountTest" time="1.585"/>
  <testcase classname="com.qa.opencart.tests.ProductInfoPageTest" name="productInfoTest" time="1.926"/>
</testsuite> <!-- com.qa.opencart.tests.ProductInfoPageTest -->
