<?xml version="1.0" encoding="UTF-8"?>
<!-- Generated by org.testng.reporters.JUnitReportReporter -->
<testsuite hostname="PJ" failures="0" tests="4" name="com.qa.opencart.tests.LoginPageTest" time="1.156" errors="0" timestamp="2025-12-03T15:12:20 IST" skipped="1">
  <testcase classname="com.qa.opencart.tests.LoginPageTest" name="loginPageTitleTest" time="0.097"/>
  <testcase classname="com.qa.opencart.tests.LoginPageTest" name="loginPageUrlTest" time="0.049"/>
  <testcase classname="com.qa.opencart.tests.LoginPageTest" name="forgotpassLinkExistTest" time="1.010"/>
  <testcase classname="com.qa.opencart.tests.LoginPageTest" name="loginTest">
    <skipped/>
  </testcase> <!-- loginTest -->
</testsuite> <!-- com.qa.opencart.tests.LoginPageTest -->
