<?xml version="1.0" encoding="UTF-8"?>
<!-- Generated by org.testng.reporters.JUnitReportReporter -->
<testsuite hostname="PJ" failures="0" tests="4" name="com.qa.opencart.tests.RegisterPageTest" time="3.092" errors="0" timestamp="2025-11-19T14:31:18 IST" skipped="0">
  <testcase classname="com.qa.opencart.tests.RegisterPageTest" name="userRegTest" time="0.681"/>
  <testcase classname="com.qa.opencart.tests.RegisterPageTest" name="userRegTest" time="0.752"/>
  <testcase classname="com.qa.opencart.tests.RegisterPageTest" name="userRegTest" time="0.869"/>
  <testcase classname="com.qa.opencart.tests.RegisterPageTest" name="userRegTest" time="0.790"/>
</testsuite> <!-- com.qa.opencart.tests.RegisterPageTest -->
