<?xml version="1.0" encoding="UTF-8"?>
<!-- Generated by org.testng.reporters.JUnitReportReporter -->
<testsuite hostname="PJ" failures="0" tests="2" name="com.qa.opencart.tests.ProductInfoPageTest" time="4.162" errors="0" timestamp="2025-11-13T15:17:27 IST" skipped="0">
  <testcase classname="com.qa.opencart.tests.ProductInfoPageTest" name="productHeaderTest" time="2.532"/>
  <testcase classname="com.qa.opencart.tests.ProductInfoPageTest" name="productImagecountTest" time="1.630"/>
</testsuite> <!-- com.qa.opencart.tests.ProductInfoPageTest -->
