<?xml version="1.0" encoding="UTF-8"?>
<!-- Generated by org.testng.reporters.JUnitReportReporter -->
<testsuite hostname="PJ" failures="0" tests="5" name="com.qa.opencart.tests.AccountsPageTest" time="0.890" errors="0" timestamp="2025-12-17T16:20:42 IST" skipped="0">
  <testcase classname="com.qa.opencart.tests.AccountsPageTest" name="accountHeaderValueTest" time="0.229"/>
  <testcase classname="com.qa.opencart.tests.AccountsPageTest" name="accountsPageTitleTest" time="0.042"/>
  <testcase classname="com.qa.opencart.tests.AccountsPageTest" name="accountsPageUrlTest" time="0.041"/>
  <testcase classname="com.qa.opencart.tests.AccountsPageTest" name="accountHeaderCountTest" time="0.380"/>
  <testcase classname="com.qa.opencart.tests.AccountsPageTest" name="isLogoutLinkExistTest" time="0.198"/>
</testsuite> <!-- com.qa.opencart.tests.AccountsPageTest -->
