<?xml version="1.0" encoding="UTF-8"?>
<!-- Generated by org.testng.reporters.JUnitReportReporter -->
<testsuite hostname="PJ" failures="0" tests="4" name="com.qa.opencart.tests.LoginPageTest" time="5.273" errors="0" timestamp="2025-11-05T16:54:33 IST" skipped="0">
  <testcase classname="com.qa.opencart.tests.LoginPageTest" name="loginPageTitleTest" time="0.041"/>
  <testcase classname="com.qa.opencart.tests.LoginPageTest" name="loginPageUrlTest" time="0.010"/>
  <testcase classname="com.qa.opencart.tests.LoginPageTest" name="forgotpassLinkExistTest" time="0.030"/>
  <testcase classname="com.qa.opencart.tests.LoginPageTest" name="loginTest" time="5.192"/>
</testsuite> <!-- com.qa.opencart.tests.LoginPageTest -->
